

================================================================
== Vitis HLS Report for 'winograd_Pipeline_compute_Y'
================================================================
* Date:           Tue Sep 23 21:11:02 2025

* Version:        2025.1 (Build 6135595 on May 21 2025)
* Project:        convolution_accelerator
* Solution:       hls (Vivado IP Flow Target)
* Product family: virtexu
* Target device:  xcvu440_CIV-flgb2377-1-i


================================================================
== Performance Estimates
================================================================
+ Timing: 
    * Summary: 
    +--------+----------+----------+------------+
    |  Clock |  Target  | Estimated| Uncertainty|
    +--------+----------+----------+------------+
    |ap_clk  |  10.00 ns|  2.033 ns|     2.70 ns|
    +--------+----------+----------+------------+

+ Latency: 
    * Summary: 
    +---------+---------+-----------+-----------+-----+-----+------------------------------------------------+
    |  Latency (cycles) |   Latency (absolute)  |  Interval |                    Pipeline                    |
    |   min   |   max   |    min    |    max    | min | max |                      Type                      |
    +---------+---------+-----------+-----------+-----+-----+------------------------------------------------+
    |        4|        4|  40.000 ns|  40.000 ns|    3|    3|  loop auto-rewind stp (delay=0 clock cycles(s))|
    +---------+---------+-----------+-----------+-----+-----+------------------------------------------------+

    + Detail: 
        * Instance: 
        N/A

        * Loop: 
        +-------------+---------+---------+----------+-----------+-----------+------+----------+
        |             |  Latency (cycles) | Iteration|  Initiation Interval  | Trip |          |
        |  Loop Name  |   min   |   max   |  Latency |  achieved |   target  | Count| Pipelined|
        +-------------+---------+---------+----------+-----------+-----------+------+----------+
        |- compute_Y  |        2|        2|         1|          1|          1|     2|       yes|
        +-------------+---------+---------+----------+-----------+-----------+------+----------+

============================================================
+ Verbose Summary: Synthesis Manager
============================================================
InlineROM: 1
ExposeGlobal: 0
============================================================
+ Verbose Summary: CDFG Model
============================================================
IsTopModel: 0
ResetActiveHigh: 1
IsCombinational: 0
IsDatapathOnly: 0
HasWiredReturn: 1
HasMFsm: 2
HasVarLatency: 1
IsPipeline: 0
IsRtlPipelined: 0
IsInstanceOverlapped: 0
IsDontTouch: 0
HasImplIP: 0
IsGatedGlobalClock: 0

+ Individual pipeline summary: 
  * Pipeline-0: initiation interval (II) = 1, depth = 1


============================================================
+ Verbose Summary: Schedule
============================================================
* Number of FSM states : 1
* Pipeline : 1
  Pipeline-0 : II = 1, D = 1, States = { 1 }
* Dataflow Pipeline: 0

* FSM state transitions: 
1 --> 

* FSM state operations: 

State 1 <SV = 0> <Delay = 2.03>
ST_1 : Operation 4 [1/1] (0.00ns)   --->   "%i = alloca i32 1" [winograd.cpp:108]   --->   Operation 4 'alloca' 'i' <Predicate = true> <Delay = 0.00>
ST_1 : Operation 5 [1/1] (0.00ns)   --->   "%empty = alloca i32 1"   --->   Operation 5 'alloca' 'empty' <Predicate = true> <Delay = 0.00>
ST_1 : Operation 6 [1/1] (0.00ns)   --->   "%empty_19 = alloca i32 1"   --->   Operation 6 'alloca' 'empty_19' <Predicate = true> <Delay = 0.00>
ST_1 : Operation 7 [1/1] (0.00ns)   --->   "%empty_20 = alloca i32 1"   --->   Operation 7 'alloca' 'empty_20' <Predicate = true> <Delay = 0.00>
ST_1 : Operation 8 [1/1] (0.00ns)   --->   "%empty_21 = alloca i32 1"   --->   Operation 8 'alloca' 'empty_21' <Predicate = true> <Delay = 0.00>
ST_1 : Operation 9 [1/1] (0.00ns)   --->   "%add8_read = read i32 @_ssdm_op_Read.ap_auto.float, i32 %add8"   --->   Operation 9 'read' 'add8_read' <Predicate = true> <Delay = 0.00>
ST_1 : Operation 10 [1/1] (0.00ns)   --->   "%sub5_read = read i32 @_ssdm_op_Read.ap_auto.float, i32 %sub5"   --->   Operation 10 'read' 'sub5_read' <Predicate = true> <Delay = 0.00>
ST_1 : Operation 11 [1/1] (0.00ns)   --->   "%add10_read = read i32 @_ssdm_op_Read.ap_auto.float, i32 %add10"   --->   Operation 11 'read' 'add10_read' <Predicate = true> <Delay = 0.00>
ST_1 : Operation 12 [1/1] (0.00ns)   --->   "%sub7_read = read i32 @_ssdm_op_Read.ap_auto.float, i32 %sub7"   --->   Operation 12 'read' 'sub7_read' <Predicate = true> <Delay = 0.00>
ST_1 : Operation 13 [1/1] (0.63ns)   --->   "%store_ln108 = store i2 0, i2 %i" [winograd.cpp:108]   --->   Operation 13 'store' 'store_ln108' <Predicate = true> <Delay = 0.63>
ST_1 : Operation 14 [1/1] (0.00ns)   --->   "%br_ln0 = br void %VITIS_LOOP_109_3"   --->   Operation 14 'br' 'br_ln0' <Predicate = true> <Delay = 0.00>
ST_1 : Operation 15 [1/1] (0.00ns)   --->   "%i_2 = load i2 %i" [winograd.cpp:108]   --->   Operation 15 'load' 'i_2' <Predicate = true> <Delay = 0.00>
ST_1 : Operation 16 [1/1] (0.76ns)   --->   "%icmp_ln108 = icmp_eq  i2 %i_2, i2 2" [winograd.cpp:108]   --->   Operation 16 'icmp' 'icmp_ln108' <Predicate = true> <Delay = 0.76> <CoreInst = "Cmp">   --->   Core 9 'Cmp' <Latency = 0> <II = 1> <Delay = 0.76> <FuncUnit> <Opcode : 'seteq' 'setne' 'setle' 'setge' 'setlt' 'setgt'> <InPorts = 2> <OutPorts = 1>
ST_1 : Operation 17 [1/1] (0.76ns)   --->   "%add_ln108 = add i2 %i_2, i2 1" [winograd.cpp:108]   --->   Operation 17 'add' 'add_ln108' <Predicate = true> <Delay = 0.76> <CoreInst = "Adder">   --->   Core 1 'Adder' <Latency = 0> <II = 1> <Delay = 0.76> <FuncUnit> <Opcode : 'add' 'sub'> <InPorts = 2> <OutPorts = 1>
ST_1 : Operation 18 [1/1] (0.00ns)   --->   "%br_ln108 = br i1 %icmp_ln108, void %VITIS_LOOP_109_3.split_ifconv, void %for.inc376.exitStub" [winograd.cpp:108]   --->   Operation 18 'br' 'br_ln108' <Predicate = true> <Delay = 0.00>
ST_1 : Operation 19 [1/1] (0.00ns)   --->   "%p_load14 = load i32 %empty" [winograd.cpp:111]   --->   Operation 19 'load' 'p_load14' <Predicate = (!icmp_ln108)> <Delay = 0.00>
ST_1 : Operation 20 [1/1] (0.00ns)   --->   "%p_load12 = load i32 %empty_19" [winograd.cpp:111]   --->   Operation 20 'load' 'p_load12' <Predicate = (!icmp_ln108)> <Delay = 0.00>
ST_1 : Operation 21 [1/1] (0.00ns)   --->   "%p_load10 = load i32 %empty_20" [winograd.cpp:111]   --->   Operation 21 'load' 'p_load10' <Predicate = (!icmp_ln108)> <Delay = 0.00>
ST_1 : Operation 22 [1/1] (0.00ns)   --->   "%p_load8 = load i32 %empty_21" [winograd.cpp:111]   --->   Operation 22 'load' 'p_load8' <Predicate = (!icmp_ln108)> <Delay = 0.00>
ST_1 : Operation 23 [1/1] (0.00ns)   --->   "%specpipeline_ln108 = specpipeline void @_ssdm_op_SpecPipeline, i32 4294967295, i32 0, i32 0, i32 0, void @empty_12" [winograd.cpp:108]   --->   Operation 23 'specpipeline' 'specpipeline_ln108' <Predicate = (!icmp_ln108)> <Delay = 0.00>
ST_1 : Operation 24 [1/1] (0.00ns)   --->   "%speclooptripcount_ln108 = speclooptripcount void @_ssdm_op_SpecLoopTripCount, i64 2, i64 2, i64 2" [winograd.cpp:108]   --->   Operation 24 'speclooptripcount' 'speclooptripcount_ln108' <Predicate = (!icmp_ln108)> <Delay = 0.00>
ST_1 : Operation 25 [1/1] (0.00ns)   --->   "%specloopname_ln108 = specloopname void @_ssdm_op_SpecLoopName, void @empty_9" [winograd.cpp:108]   --->   Operation 25 'specloopname' 'specloopname_ln108' <Predicate = (!icmp_ln108)> <Delay = 0.00>
ST_1 : Operation 26 [1/1] (0.76ns)   --->   "%cmp287 = icmp_eq  i2 %i_2, i2 0" [winograd.cpp:108]   --->   Operation 26 'icmp' 'cmp287' <Predicate = (!icmp_ln108)> <Delay = 0.76> <CoreInst = "Cmp">   --->   Core 9 'Cmp' <Latency = 0> <II = 1> <Delay = 0.76> <FuncUnit> <Opcode : 'seteq' 'setne' 'setle' 'setge' 'setlt' 'setgt'> <InPorts = 2> <OutPorts = 1>
ST_1 : Operation 27 [1/1] (0.48ns)   --->   "%select_ln111 = select i1 %cmp287, i32 %p_load8, i32 %sub7_read" [winograd.cpp:111]   --->   Operation 27 'select' 'select_ln111' <Predicate = (!icmp_ln108)> <Delay = 0.48> <CoreInst = "Sel">   --->   Core 73 'Sel' <Latency = 0> <II = 1> <Delay = 0.48> <FuncUnit> <Opcode : 'select'> <InPorts = 3> <OutPorts = 1>
ST_1 : Operation 28 [1/1] (0.48ns)   --->   "%select_ln111_1 = select i1 %cmp287, i32 %p_load10, i32 %add10_read" [winograd.cpp:111]   --->   Operation 28 'select' 'select_ln111_1' <Predicate = (!icmp_ln108)> <Delay = 0.48> <CoreInst = "Sel">   --->   Core 73 'Sel' <Latency = 0> <II = 1> <Delay = 0.48> <FuncUnit> <Opcode : 'select'> <InPorts = 3> <OutPorts = 1>
ST_1 : Operation 29 [1/1] (0.48ns)   --->   "%select_ln111_2 = select i1 %cmp287, i32 %sub5_read, i32 %p_load12" [winograd.cpp:111]   --->   Operation 29 'select' 'select_ln111_2' <Predicate = (!icmp_ln108)> <Delay = 0.48> <CoreInst = "Sel">   --->   Core 73 'Sel' <Latency = 0> <II = 1> <Delay = 0.48> <FuncUnit> <Opcode : 'select'> <InPorts = 3> <OutPorts = 1>
ST_1 : Operation 30 [1/1] (0.48ns)   --->   "%select_ln111_3 = select i1 %cmp287, i32 %add8_read, i32 %p_load14" [winograd.cpp:111]   --->   Operation 30 'select' 'select_ln111_3' <Predicate = (!icmp_ln108)> <Delay = 0.48> <CoreInst = "Sel">   --->   Core 73 'Sel' <Latency = 0> <II = 1> <Delay = 0.48> <FuncUnit> <Opcode : 'select'> <InPorts = 3> <OutPorts = 1>
ST_1 : Operation 31 [1/1] (0.00ns)   --->   "%store_ln111 = store i32 %select_ln111, i32 %empty_21" [winograd.cpp:111]   --->   Operation 31 'store' 'store_ln111' <Predicate = (!icmp_ln108)> <Delay = 0.00>
ST_1 : Operation 32 [1/1] (0.00ns)   --->   "%store_ln111 = store i32 %select_ln111_1, i32 %empty_20" [winograd.cpp:111]   --->   Operation 32 'store' 'store_ln111' <Predicate = (!icmp_ln108)> <Delay = 0.00>
ST_1 : Operation 33 [1/1] (0.00ns)   --->   "%store_ln111 = store i32 %select_ln111_2, i32 %empty_19" [winograd.cpp:111]   --->   Operation 33 'store' 'store_ln111' <Predicate = (!icmp_ln108)> <Delay = 0.00>
ST_1 : Operation 34 [1/1] (0.00ns)   --->   "%store_ln111 = store i32 %select_ln111_3, i32 %empty" [winograd.cpp:111]   --->   Operation 34 'store' 'store_ln111' <Predicate = (!icmp_ln108)> <Delay = 0.00>
ST_1 : Operation 35 [1/1] (0.63ns)   --->   "%store_ln108 = store i2 %add_ln108, i2 %i" [winograd.cpp:108]   --->   Operation 35 'store' 'store_ln108' <Predicate = (!icmp_ln108)> <Delay = 0.63>
ST_1 : Operation 36 [1/1] (0.00ns)   --->   "%br_ln108 = br void %VITIS_LOOP_109_3" [winograd.cpp:108]   --->   Operation 36 'br' 'br_ln108' <Predicate = (!icmp_ln108)> <Delay = 0.00>
ST_1 : Operation 37 [1/1] (0.00ns)   --->   "%p_load13 = load i32 %empty"   --->   Operation 37 'load' 'p_load13' <Predicate = (icmp_ln108)> <Delay = 0.00>
ST_1 : Operation 38 [1/1] (0.00ns)   --->   "%p_load11 = load i32 %empty_19"   --->   Operation 38 'load' 'p_load11' <Predicate = (icmp_ln108)> <Delay = 0.00>
ST_1 : Operation 39 [1/1] (0.00ns)   --->   "%p_load9 = load i32 %empty_20"   --->   Operation 39 'load' 'p_load9' <Predicate = (icmp_ln108)> <Delay = 0.00>
ST_1 : Operation 40 [1/1] (0.00ns)   --->   "%p_load = load i32 %empty_21"   --->   Operation 40 'load' 'p_load' <Predicate = (icmp_ln108)> <Delay = 0.00>
ST_1 : Operation 41 [1/1] (0.00ns)   --->   "%write_ln0 = write void @_ssdm_op_Write.ap_auto.floatP0A, i32 %p_out, i32 %p_load"   --->   Operation 41 'write' 'write_ln0' <Predicate = (icmp_ln108)> <Delay = 0.00>
ST_1 : Operation 42 [1/1] (0.00ns)   --->   "%write_ln0 = write void @_ssdm_op_Write.ap_auto.floatP0A, i32 %p_out1, i32 %p_load9"   --->   Operation 42 'write' 'write_ln0' <Predicate = (icmp_ln108)> <Delay = 0.00>
ST_1 : Operation 43 [1/1] (0.00ns)   --->   "%write_ln0 = write void @_ssdm_op_Write.ap_auto.floatP0A, i32 %p_out2, i32 %p_load11"   --->   Operation 43 'write' 'write_ln0' <Predicate = (icmp_ln108)> <Delay = 0.00>
ST_1 : Operation 44 [1/1] (0.00ns)   --->   "%write_ln0 = write void @_ssdm_op_Write.ap_auto.floatP0A, i32 %p_out3, i32 %p_load13"   --->   Operation 44 'write' 'write_ln0' <Predicate = (icmp_ln108)> <Delay = 0.00>
ST_1 : Operation 45 [1/1] (0.63ns)   --->   "%ret_ln0 = ret"   --->   Operation 45 'ret' 'ret_ln0' <Predicate = (icmp_ln108)> <Delay = 0.63>


============================================================
+ Verbose Summary: Binding
============================================================
STG Binding: 
---------------- STG Properties BEGIN ----------------
- Is combinational: 0
- Is one-state seq: 0
- Is datapath-only: 0
- Is pipelined: 0
- Is top level: 0
Port [ Return ] is wired: 1; IO mode=ap_ctrl_hs:ce=0
Port [ sub7]:  wired=1; compound=0; hidden=0; nouse=0; global=0; static=0; extern=0; dir=0; type=0; pingpong=0; private_global=0; IO mode=ap_none:ce=0
Port [ add10]:  wired=1; compound=0; hidden=0; nouse=0; global=0; static=0; extern=0; dir=0; type=0; pingpong=0; private_global=0; IO mode=ap_none:ce=0
Port [ sub5]:  wired=1; compound=0; hidden=0; nouse=0; global=0; static=0; extern=0; dir=0; type=0; pingpong=0; private_global=0; IO mode=ap_none:ce=0
Port [ add8]:  wired=1; compound=0; hidden=0; nouse=0; global=0; static=0; extern=0; dir=0; type=0; pingpong=0; private_global=0; IO mode=ap_none:ce=0
Port [ p_out]:  wired=1; compound=0; hidden=0; nouse=0; global=0; static=0; extern=0; dir=1; type=0; pingpong=0; private_global=0; IO mode=ap_vld:ce=0
Port [ p_out1]:  wired=1; compound=0; hidden=0; nouse=0; global=0; static=0; extern=0; dir=1; type=0; pingpong=0; private_global=0; IO mode=ap_vld:ce=0
Port [ p_out2]:  wired=1; compound=0; hidden=0; nouse=0; global=0; static=0; extern=0; dir=1; type=0; pingpong=0; private_global=0; IO mode=ap_vld:ce=0
Port [ p_out3]:  wired=1; compound=0; hidden=0; nouse=0; global=0; static=0; extern=0; dir=1; type=0; pingpong=0; private_global=0; IO mode=ap_vld:ce=0
---------------- STG Properties END ------------------

---------------- Datapath Model BEGIN ----------------

<LifeTime>
<method=bitvector/>
i                       (alloca           ) [ 01]
empty                   (alloca           ) [ 01]
empty_19                (alloca           ) [ 01]
empty_20                (alloca           ) [ 01]
empty_21                (alloca           ) [ 01]
add8_read               (read             ) [ 00]
sub5_read               (read             ) [ 00]
add10_read              (read             ) [ 00]
sub7_read               (read             ) [ 00]
store_ln108             (store            ) [ 00]
br_ln0                  (br               ) [ 00]
i_2                     (load             ) [ 00]
icmp_ln108              (icmp             ) [ 01]
add_ln108               (add              ) [ 00]
br_ln108                (br               ) [ 00]
p_load14                (load             ) [ 00]
p_load12                (load             ) [ 00]
p_load10                (load             ) [ 00]
p_load8                 (load             ) [ 00]
specpipeline_ln108      (specpipeline     ) [ 00]
speclooptripcount_ln108 (speclooptripcount) [ 00]
specloopname_ln108      (specloopname     ) [ 00]
cmp287                  (icmp             ) [ 00]
select_ln111            (select           ) [ 00]
select_ln111_1          (select           ) [ 00]
select_ln111_2          (select           ) [ 00]
select_ln111_3          (select           ) [ 00]
store_ln111             (store            ) [ 00]
store_ln111             (store            ) [ 00]
store_ln111             (store            ) [ 00]
store_ln111             (store            ) [ 00]
store_ln108             (store            ) [ 00]
br_ln108                (br               ) [ 00]
p_load13                (load             ) [ 00]
p_load11                (load             ) [ 00]
p_load9                 (load             ) [ 00]
p_load                  (load             ) [ 00]
write_ln0               (write            ) [ 00]
write_ln0               (write            ) [ 00]
write_ln0               (write            ) [ 00]
write_ln0               (write            ) [ 00]
ret_ln0                 (ret              ) [ 00]
</LifeTime>

<model>

<comp_list>
<comp id="0" class="1000" name="sub7">
<pin_list>
<pin id="1" dir="1" index="0" bw="1" slack="0"/>
</pin_list>
<bind>
<StgValue><ssdm name="sub7"/></StgValue>
</bind>
</comp>

<comp id="2" class="1000" name="add10">
<pin_list>
<pin id="3" dir="1" index="0" bw="1" slack="0"/>
</pin_list>
<bind>
<StgValue><ssdm name="add10"/></StgValue>
</bind>
</comp>

<comp id="4" class="1000" name="sub5">
<pin_list>
<pin id="5" dir="1" index="0" bw="1" slack="0"/>
</pin_list>
<bind>
<StgValue><ssdm name="sub5"/></StgValue>
</bind>
</comp>

<comp id="6" class="1000" name="add8">
<pin_list>
<pin id="7" dir="1" index="0" bw="1" slack="0"/>
</pin_list>
<bind>
<StgValue><ssdm name="add8"/></StgValue>
</bind>
</comp>

<comp id="8" class="1000" name="p_out">
<pin_list>
<pin id="9" dir="1" index="0" bw="1" slack="0"/>
</pin_list>
<bind>
<StgValue><ssdm name="p_out"/></StgValue>
</bind>
</comp>

<comp id="10" class="1000" name="p_out1">
<pin_list>
<pin id="11" dir="1" index="0" bw="1" slack="0"/>
</pin_list>
<bind>
<StgValue><ssdm name="p_out1"/></StgValue>
</bind>
</comp>

<comp id="12" class="1000" name="p_out2">
<pin_list>
<pin id="13" dir="1" index="0" bw="1" slack="0"/>
</pin_list>
<bind>
<StgValue><ssdm name="p_out2"/></StgValue>
</bind>
</comp>

<comp id="14" class="1000" name="p_out3">
<pin_list>
<pin id="15" dir="1" index="0" bw="1" slack="0"/>
</pin_list>
<bind>
<StgValue><ssdm name="p_out3"/></StgValue>
</bind>
</comp>

<comp id="16" class="1001" name="const_16">
<pin_list>
<pin id="17" dir="1" index="0" bw="1" slack="0"/>
</pin_list>
<bind>
<StgValue><ssdm name=""/></StgValue>
</bind>
</comp>

<comp id="18" class="1001" name="const_18">
<pin_list>
<pin id="19" dir="1" index="0" bw="1" slack="0"/>
</pin_list>
<bind>
<StgValue><ssdm name="_ssdm_op_Read.ap_auto.float"/></StgValue>
</bind>
</comp>

<comp id="20" class="1001" name="const_20">
<pin_list>
<pin id="21" dir="1" index="0" bw="1" slack="0"/>
</pin_list>
<bind>
<StgValue><ssdm name=""/></StgValue>
</bind>
</comp>

<comp id="22" class="1001" name="const_22">
<pin_list>
<pin id="23" dir="1" index="0" bw="1" slack="0"/>
</pin_list>
<bind>
<StgValue><ssdm name=""/></StgValue>
</bind>
</comp>

<comp id="24" class="1001" name="const_24">
<pin_list>
<pin id="25" dir="1" index="0" bw="1" slack="0"/>
</pin_list>
<bind>
<StgValue><ssdm name=""/></StgValue>
</bind>
</comp>

<comp id="26" class="1001" name="const_26">
<pin_list>
<pin id="27" dir="1" index="0" bw="1" slack="2147483647"/>
</pin_list>
<bind>
<StgValue><ssdm name="_ssdm_op_SpecPipeline"/></StgValue>
</bind>
</comp>

<comp id="28" class="1001" name="const_28">
<pin_list>
<pin id="29" dir="1" index="0" bw="1" slack="2147483647"/>
</pin_list>
<bind>
<StgValue><ssdm name=""/></StgValue>
</bind>
</comp>

<comp id="30" class="1001" name="const_30">
<pin_list>
<pin id="31" dir="1" index="0" bw="1" slack="2147483647"/>
</pin_list>
<bind>
<StgValue><ssdm name=""/></StgValue>
</bind>
</comp>

<comp id="32" class="1001" name="const_32">
<pin_list>
<pin id="33" dir="1" index="0" bw="1" slack="2147483647"/>
</pin_list>
<bind>
<StgValue><ssdm name="empty_12"/></StgValue>
</bind>
</comp>

<comp id="34" class="1001" name="const_34">
<pin_list>
<pin id="35" dir="1" index="0" bw="1" slack="2147483647"/>
</pin_list>
<bind>
<StgValue><ssdm name="_ssdm_op_SpecLoopTripCount"/></StgValue>
</bind>
</comp>

<comp id="36" class="1001" name="const_36">
<pin_list>
<pin id="37" dir="1" index="0" bw="1" slack="2147483647"/>
</pin_list>
<bind>
<StgValue><ssdm name=""/></StgValue>
</bind>
</comp>

<comp id="38" class="1001" name="const_38">
<pin_list>
<pin id="39" dir="1" index="0" bw="1" slack="2147483647"/>
</pin_list>
<bind>
<StgValue><ssdm name="_ssdm_op_SpecLoopName"/></StgValue>
</bind>
</comp>

<comp id="40" class="1001" name="const_40">
<pin_list>
<pin id="41" dir="1" index="0" bw="1" slack="2147483647"/>
</pin_list>
<bind>
<StgValue><ssdm name="empty_9"/></StgValue>
</bind>
</comp>

<comp id="42" class="1001" name="const_42">
<pin_list>
<pin id="43" dir="1" index="0" bw="1" slack="0"/>
</pin_list>
<bind>
<StgValue><ssdm name="_ssdm_op_Write.ap_auto.floatP0A"/></StgValue>
</bind>
</comp>

<comp id="44" class="1004" name="i_fu_44">
<pin_list>
<pin id="45" dir="0" index="0" bw="1" slack="0"/>
<pin id="46" dir="1" index="1" bw="2" slack="0"/>
</pin_list>
<bind>
<opcode="alloca(26) " fcode="alloca"/>
<opset="i/1 "/>
</bind>
</comp>

<comp id="48" class="1004" name="empty_fu_48">
<pin_list>
<pin id="49" dir="0" index="0" bw="1" slack="0"/>
<pin id="50" dir="1" index="1" bw="32" slack="0"/>
</pin_list>
<bind>
<opcode="alloca(26) " fcode="alloca"/>
<opset="empty/1 "/>
</bind>
</comp>

<comp id="52" class="1004" name="empty_19_fu_52">
<pin_list>
<pin id="53" dir="0" index="0" bw="1" slack="0"/>
<pin id="54" dir="1" index="1" bw="32" slack="0"/>
</pin_list>
<bind>
<opcode="alloca(26) " fcode="alloca"/>
<opset="empty_19/1 "/>
</bind>
</comp>

<comp id="56" class="1004" name="empty_20_fu_56">
<pin_list>
<pin id="57" dir="0" index="0" bw="1" slack="0"/>
<pin id="58" dir="1" index="1" bw="32" slack="0"/>
</pin_list>
<bind>
<opcode="alloca(26) " fcode="alloca"/>
<opset="empty_20/1 "/>
</bind>
</comp>

<comp id="60" class="1004" name="empty_21_fu_60">
<pin_list>
<pin id="61" dir="0" index="0" bw="1" slack="0"/>
<pin id="62" dir="1" index="1" bw="32" slack="0"/>
</pin_list>
<bind>
<opcode="alloca(26) " fcode="alloca"/>
<opset="empty_21/1 "/>
</bind>
</comp>

<comp id="64" class="1004" name="add8_read_read_fu_64">
<pin_list>
<pin id="65" dir="0" index="0" bw="32" slack="0"/>
<pin id="66" dir="0" index="1" bw="32" slack="0"/>
<pin id="67" dir="1" index="2" bw="32" slack="0"/>
</pin_list>
<bind>
<opcode="read(1150) " fcode="read"/>
<opset="add8_read/1 "/>
</bind>
</comp>

<comp id="70" class="1004" name="sub5_read_read_fu_70">
<pin_list>
<pin id="71" dir="0" index="0" bw="32" slack="0"/>
<pin id="72" dir="0" index="1" bw="32" slack="0"/>
<pin id="73" dir="1" index="2" bw="32" slack="0"/>
</pin_list>
<bind>
<opcode="read(1150) " fcode="read"/>
<opset="sub5_read/1 "/>
</bind>
</comp>

<comp id="76" class="1004" name="add10_read_read_fu_76">
<pin_list>
<pin id="77" dir="0" index="0" bw="32" slack="0"/>
<pin id="78" dir="0" index="1" bw="32" slack="0"/>
<pin id="79" dir="1" index="2" bw="32" slack="0"/>
</pin_list>
<bind>
<opcode="read(1150) " fcode="read"/>
<opset="add10_read/1 "/>
</bind>
</comp>

<comp id="82" class="1004" name="sub7_read_read_fu_82">
<pin_list>
<pin id="83" dir="0" index="0" bw="32" slack="0"/>
<pin id="84" dir="0" index="1" bw="32" slack="0"/>
<pin id="85" dir="1" index="2" bw="32" slack="0"/>
</pin_list>
<bind>
<opcode="read(1150) " fcode="read"/>
<opset="sub7_read/1 "/>
</bind>
</comp>

<comp id="88" class="1004" name="write_ln0_write_fu_88">
<pin_list>
<pin id="89" dir="0" index="0" bw="0" slack="0"/>
<pin id="90" dir="0" index="1" bw="32" slack="0"/>
<pin id="91" dir="0" index="2" bw="32" slack="0"/>
<pin id="92" dir="1" index="3" bw="0" slack="2147483647"/>
</pin_list>
<bind>
<opcode="write(1151) " fcode="write"/>
<opset="write_ln0/1 "/>
</bind>
</comp>

<comp id="95" class="1004" name="write_ln0_write_fu_95">
<pin_list>
<pin id="96" dir="0" index="0" bw="0" slack="0"/>
<pin id="97" dir="0" index="1" bw="32" slack="0"/>
<pin id="98" dir="0" index="2" bw="32" slack="0"/>
<pin id="99" dir="1" index="3" bw="0" slack="2147483647"/>
</pin_list>
<bind>
<opcode="write(1151) " fcode="write"/>
<opset="write_ln0/1 "/>
</bind>
</comp>

<comp id="102" class="1004" name="write_ln0_write_fu_102">
<pin_list>
<pin id="103" dir="0" index="0" bw="0" slack="0"/>
<pin id="104" dir="0" index="1" bw="32" slack="0"/>
<pin id="105" dir="0" index="2" bw="32" slack="0"/>
<pin id="106" dir="1" index="3" bw="0" slack="2147483647"/>
</pin_list>
<bind>
<opcode="write(1151) " fcode="write"/>
<opset="write_ln0/1 "/>
</bind>
</comp>

<comp id="109" class="1004" name="write_ln0_write_fu_109">
<pin_list>
<pin id="110" dir="0" index="0" bw="0" slack="0"/>
<pin id="111" dir="0" index="1" bw="32" slack="0"/>
<pin id="112" dir="0" index="2" bw="32" slack="0"/>
<pin id="113" dir="1" index="3" bw="0" slack="2147483647"/>
</pin_list>
<bind>
<opcode="write(1151) " fcode="write"/>
<opset="write_ln0/1 "/>
</bind>
</comp>

<comp id="116" class="1004" name="store_ln108_store_fu_116">
<pin_list>
<pin id="117" dir="0" index="0" bw="1" slack="0"/>
<pin id="118" dir="0" index="1" bw="2" slack="0"/>
<pin id="119" dir="1" index="2" bw="0" slack="2147483647"/>
</pin_list>
<bind>
<opcode="store(28) " fcode="store"/>
<opset="store_ln108/1 "/>
</bind>
</comp>

<comp id="121" class="1004" name="i_2_load_fu_121">
<pin_list>
<pin id="122" dir="0" index="0" bw="2" slack="0"/>
<pin id="123" dir="1" index="1" bw="2" slack="0"/>
</pin_list>
<bind>
<opcode="load(27) " fcode="load"/>
<opset="i_2/1 "/>
</bind>
</comp>

<comp id="124" class="1004" name="icmp_ln108_fu_124">
<pin_list>
<pin id="125" dir="0" index="0" bw="2" slack="0"/>
<pin id="126" dir="0" index="1" bw="2" slack="0"/>
<pin id="127" dir="1" index="2" bw="1" slack="2147483647"/>
</pin_list>
<bind>
<opcode="icmp(45) " fcode="icmp"/>
<opset="icmp_ln108/1 "/>
</bind>
</comp>

<comp id="130" class="1004" name="add_ln108_fu_130">
<pin_list>
<pin id="131" dir="0" index="0" bw="2" slack="0"/>
<pin id="132" dir="0" index="1" bw="1" slack="0"/>
<pin id="133" dir="1" index="2" bw="2" slack="0"/>
</pin_list>
<bind>
<opcode="add(8) " fcode="add"/>
<opset="add_ln108/1 "/>
</bind>
</comp>

<comp id="136" class="1004" name="p_load14_load_fu_136">
<pin_list>
<pin id="137" dir="0" index="0" bw="32" slack="0"/>
<pin id="138" dir="1" index="1" bw="32" slack="0"/>
</pin_list>
<bind>
<opcode="load(27) " fcode="load"/>
<opset="p_load14/1 "/>
</bind>
</comp>

<comp id="139" class="1004" name="p_load12_load_fu_139">
<pin_list>
<pin id="140" dir="0" index="0" bw="32" slack="0"/>
<pin id="141" dir="1" index="1" bw="32" slack="0"/>
</pin_list>
<bind>
<opcode="load(27) " fcode="load"/>
<opset="p_load12/1 "/>
</bind>
</comp>

<comp id="142" class="1004" name="p_load10_load_fu_142">
<pin_list>
<pin id="143" dir="0" index="0" bw="32" slack="0"/>
<pin id="144" dir="1" index="1" bw="32" slack="0"/>
</pin_list>
<bind>
<opcode="load(27) " fcode="load"/>
<opset="p_load10/1 "/>
</bind>
</comp>

<comp id="145" class="1004" name="p_load8_load_fu_145">
<pin_list>
<pin id="146" dir="0" index="0" bw="32" slack="0"/>
<pin id="147" dir="1" index="1" bw="32" slack="0"/>
</pin_list>
<bind>
<opcode="load(27) " fcode="load"/>
<opset="p_load8/1 "/>
</bind>
</comp>

<comp id="148" class="1004" name="cmp287_fu_148">
<pin_list>
<pin id="149" dir="0" index="0" bw="2" slack="0"/>
<pin id="150" dir="0" index="1" bw="1" slack="0"/>
<pin id="151" dir="1" index="2" bw="1" slack="0"/>
</pin_list>
<bind>
<opcode="icmp(45) " fcode="icmp"/>
<opset="cmp287/1 "/>
</bind>
</comp>

<comp id="154" class="1004" name="select_ln111_fu_154">
<pin_list>
<pin id="155" dir="0" index="0" bw="1" slack="0"/>
<pin id="156" dir="0" index="1" bw="32" slack="0"/>
<pin id="157" dir="0" index="2" bw="32" slack="0"/>
<pin id="158" dir="1" index="3" bw="32" slack="0"/>
</pin_list>
<bind>
<opcode="select(49) " fcode="select"/>
<opset="select_ln111/1 "/>
</bind>
</comp>

<comp id="162" class="1004" name="select_ln111_1_fu_162">
<pin_list>
<pin id="163" dir="0" index="0" bw="1" slack="0"/>
<pin id="164" dir="0" index="1" bw="32" slack="0"/>
<pin id="165" dir="0" index="2" bw="32" slack="0"/>
<pin id="166" dir="1" index="3" bw="32" slack="0"/>
</pin_list>
<bind>
<opcode="select(49) " fcode="select"/>
<opset="select_ln111_1/1 "/>
</bind>
</comp>

<comp id="170" class="1004" name="select_ln111_2_fu_170">
<pin_list>
<pin id="171" dir="0" index="0" bw="1" slack="0"/>
<pin id="172" dir="0" index="1" bw="32" slack="0"/>
<pin id="173" dir="0" index="2" bw="32" slack="0"/>
<pin id="174" dir="1" index="3" bw="32" slack="0"/>
</pin_list>
<bind>
<opcode="select(49) " fcode="select"/>
<opset="select_ln111_2/1 "/>
</bind>
</comp>

<comp id="178" class="1004" name="select_ln111_3_fu_178">
<pin_list>
<pin id="179" dir="0" index="0" bw="1" slack="0"/>
<pin id="180" dir="0" index="1" bw="32" slack="0"/>
<pin id="181" dir="0" index="2" bw="32" slack="0"/>
<pin id="182" dir="1" index="3" bw="32" slack="0"/>
</pin_list>
<bind>
<opcode="select(49) " fcode="select"/>
<opset="select_ln111_3/1 "/>
</bind>
</comp>

<comp id="186" class="1004" name="store_ln111_store_fu_186">
<pin_list>
<pin id="187" dir="0" index="0" bw="32" slack="0"/>
<pin id="188" dir="0" index="1" bw="32" slack="0"/>
<pin id="189" dir="1" index="2" bw="0" slack="2147483647"/>
</pin_list>
<bind>
<opcode="store(28) " fcode="store"/>
<opset="store_ln111/1 "/>
</bind>
</comp>

<comp id="191" class="1004" name="store_ln111_store_fu_191">
<pin_list>
<pin id="192" dir="0" index="0" bw="32" slack="0"/>
<pin id="193" dir="0" index="1" bw="32" slack="0"/>
<pin id="194" dir="1" index="2" bw="0" slack="2147483647"/>
</pin_list>
<bind>
<opcode="store(28) " fcode="store"/>
<opset="store_ln111/1 "/>
</bind>
</comp>

<comp id="196" class="1004" name="store_ln111_store_fu_196">
<pin_list>
<pin id="197" dir="0" index="0" bw="32" slack="0"/>
<pin id="198" dir="0" index="1" bw="32" slack="0"/>
<pin id="199" dir="1" index="2" bw="0" slack="2147483647"/>
</pin_list>
<bind>
<opcode="store(28) " fcode="store"/>
<opset="store_ln111/1 "/>
</bind>
</comp>

<comp id="201" class="1004" name="store_ln111_store_fu_201">
<pin_list>
<pin id="202" dir="0" index="0" bw="32" slack="0"/>
<pin id="203" dir="0" index="1" bw="32" slack="0"/>
<pin id="204" dir="1" index="2" bw="0" slack="2147483647"/>
</pin_list>
<bind>
<opcode="store(28) " fcode="store"/>
<opset="store_ln111/1 "/>
</bind>
</comp>

<comp id="206" class="1004" name="store_ln108_store_fu_206">
<pin_list>
<pin id="207" dir="0" index="0" bw="2" slack="0"/>
<pin id="208" dir="0" index="1" bw="2" slack="0"/>
<pin id="209" dir="1" index="2" bw="0" slack="2147483647"/>
</pin_list>
<bind>
<opcode="store(28) " fcode="store"/>
<opset="store_ln108/1 "/>
</bind>
</comp>

<comp id="211" class="1004" name="p_load13_load_fu_211">
<pin_list>
<pin id="212" dir="0" index="0" bw="32" slack="0"/>
<pin id="213" dir="1" index="1" bw="32" slack="0"/>
</pin_list>
<bind>
<opcode="load(27) " fcode="load"/>
<opset="p_load13/1 "/>
</bind>
</comp>

<comp id="215" class="1004" name="p_load11_load_fu_215">
<pin_list>
<pin id="216" dir="0" index="0" bw="32" slack="0"/>
<pin id="217" dir="1" index="1" bw="32" slack="0"/>
</pin_list>
<bind>
<opcode="load(27) " fcode="load"/>
<opset="p_load11/1 "/>
</bind>
</comp>

<comp id="219" class="1004" name="p_load9_load_fu_219">
<pin_list>
<pin id="220" dir="0" index="0" bw="32" slack="0"/>
<pin id="221" dir="1" index="1" bw="32" slack="0"/>
</pin_list>
<bind>
<opcode="load(27) " fcode="load"/>
<opset="p_load9/1 "/>
</bind>
</comp>

<comp id="223" class="1004" name="p_load_load_fu_223">
<pin_list>
<pin id="224" dir="0" index="0" bw="32" slack="0"/>
<pin id="225" dir="1" index="1" bw="32" slack="0"/>
</pin_list>
<bind>
<opcode="load(27) " fcode="load"/>
<opset="p_load/1 "/>
</bind>
</comp>

<comp id="227" class="1005" name="i_reg_227">
<pin_list>
<pin id="228" dir="0" index="0" bw="2" slack="0"/>
<pin id="229" dir="1" index="1" bw="2" slack="0"/>
</pin_list>
<bind>
<opset="i "/>
</bind>
</comp>

<comp id="234" class="1005" name="empty_reg_234">
<pin_list>
<pin id="235" dir="0" index="0" bw="32" slack="0"/>
<pin id="236" dir="1" index="1" bw="32" slack="0"/>
</pin_list>
<bind>
<opset="empty "/>
</bind>
</comp>

<comp id="241" class="1005" name="empty_19_reg_241">
<pin_list>
<pin id="242" dir="0" index="0" bw="32" slack="0"/>
<pin id="243" dir="1" index="1" bw="32" slack="0"/>
</pin_list>
<bind>
<opset="empty_19 "/>
</bind>
</comp>

<comp id="248" class="1005" name="empty_20_reg_248">
<pin_list>
<pin id="249" dir="0" index="0" bw="32" slack="0"/>
<pin id="250" dir="1" index="1" bw="32" slack="0"/>
</pin_list>
<bind>
<opset="empty_20 "/>
</bind>
</comp>

<comp id="255" class="1005" name="empty_21_reg_255">
<pin_list>
<pin id="256" dir="0" index="0" bw="32" slack="0"/>
<pin id="257" dir="1" index="1" bw="32" slack="0"/>
</pin_list>
<bind>
<opset="empty_21 "/>
</bind>
</comp>

</comp_list>

<net_list>
<net id="47"><net_src comp="16" pin="0"/><net_sink comp="44" pin=0"/></net>

<net id="51"><net_src comp="16" pin="0"/><net_sink comp="48" pin=0"/></net>

<net id="55"><net_src comp="16" pin="0"/><net_sink comp="52" pin=0"/></net>

<net id="59"><net_src comp="16" pin="0"/><net_sink comp="56" pin=0"/></net>

<net id="63"><net_src comp="16" pin="0"/><net_sink comp="60" pin=0"/></net>

<net id="68"><net_src comp="18" pin="0"/><net_sink comp="64" pin=0"/></net>

<net id="69"><net_src comp="6" pin="0"/><net_sink comp="64" pin=1"/></net>

<net id="74"><net_src comp="18" pin="0"/><net_sink comp="70" pin=0"/></net>

<net id="75"><net_src comp="4" pin="0"/><net_sink comp="70" pin=1"/></net>

<net id="80"><net_src comp="18" pin="0"/><net_sink comp="76" pin=0"/></net>

<net id="81"><net_src comp="2" pin="0"/><net_sink comp="76" pin=1"/></net>

<net id="86"><net_src comp="18" pin="0"/><net_sink comp="82" pin=0"/></net>

<net id="87"><net_src comp="0" pin="0"/><net_sink comp="82" pin=1"/></net>

<net id="93"><net_src comp="42" pin="0"/><net_sink comp="88" pin=0"/></net>

<net id="94"><net_src comp="8" pin="0"/><net_sink comp="88" pin=1"/></net>

<net id="100"><net_src comp="42" pin="0"/><net_sink comp="95" pin=0"/></net>

<net id="101"><net_src comp="10" pin="0"/><net_sink comp="95" pin=1"/></net>

<net id="107"><net_src comp="42" pin="0"/><net_sink comp="102" pin=0"/></net>

<net id="108"><net_src comp="12" pin="0"/><net_sink comp="102" pin=1"/></net>

<net id="114"><net_src comp="42" pin="0"/><net_sink comp="109" pin=0"/></net>

<net id="115"><net_src comp="14" pin="0"/><net_sink comp="109" pin=1"/></net>

<net id="120"><net_src comp="20" pin="0"/><net_sink comp="116" pin=0"/></net>

<net id="128"><net_src comp="121" pin="1"/><net_sink comp="124" pin=0"/></net>

<net id="129"><net_src comp="22" pin="0"/><net_sink comp="124" pin=1"/></net>

<net id="134"><net_src comp="121" pin="1"/><net_sink comp="130" pin=0"/></net>

<net id="135"><net_src comp="24" pin="0"/><net_sink comp="130" pin=1"/></net>

<net id="152"><net_src comp="121" pin="1"/><net_sink comp="148" pin=0"/></net>

<net id="153"><net_src comp="20" pin="0"/><net_sink comp="148" pin=1"/></net>

<net id="159"><net_src comp="148" pin="2"/><net_sink comp="154" pin=0"/></net>

<net id="160"><net_src comp="145" pin="1"/><net_sink comp="154" pin=1"/></net>

<net id="161"><net_src comp="82" pin="2"/><net_sink comp="154" pin=2"/></net>

<net id="167"><net_src comp="148" pin="2"/><net_sink comp="162" pin=0"/></net>

<net id="168"><net_src comp="142" pin="1"/><net_sink comp="162" pin=1"/></net>

<net id="169"><net_src comp="76" pin="2"/><net_sink comp="162" pin=2"/></net>

<net id="175"><net_src comp="148" pin="2"/><net_sink comp="170" pin=0"/></net>

<net id="176"><net_src comp="70" pin="2"/><net_sink comp="170" pin=1"/></net>

<net id="177"><net_src comp="139" pin="1"/><net_sink comp="170" pin=2"/></net>

<net id="183"><net_src comp="148" pin="2"/><net_sink comp="178" pin=0"/></net>

<net id="184"><net_src comp="64" pin="2"/><net_sink comp="178" pin=1"/></net>

<net id="185"><net_src comp="136" pin="1"/><net_sink comp="178" pin=2"/></net>

<net id="190"><net_src comp="154" pin="3"/><net_sink comp="186" pin=0"/></net>

<net id="195"><net_src comp="162" pin="3"/><net_sink comp="191" pin=0"/></net>

<net id="200"><net_src comp="170" pin="3"/><net_sink comp="196" pin=0"/></net>

<net id="205"><net_src comp="178" pin="3"/><net_sink comp="201" pin=0"/></net>

<net id="210"><net_src comp="130" pin="2"/><net_sink comp="206" pin=0"/></net>

<net id="214"><net_src comp="211" pin="1"/><net_sink comp="109" pin=2"/></net>

<net id="218"><net_src comp="215" pin="1"/><net_sink comp="102" pin=2"/></net>

<net id="222"><net_src comp="219" pin="1"/><net_sink comp="95" pin=2"/></net>

<net id="226"><net_src comp="223" pin="1"/><net_sink comp="88" pin=2"/></net>

<net id="230"><net_src comp="44" pin="1"/><net_sink comp="227" pin=0"/></net>

<net id="231"><net_src comp="227" pin="1"/><net_sink comp="116" pin=1"/></net>

<net id="232"><net_src comp="227" pin="1"/><net_sink comp="121" pin=0"/></net>

<net id="233"><net_src comp="227" pin="1"/><net_sink comp="206" pin=1"/></net>

<net id="237"><net_src comp="48" pin="1"/><net_sink comp="234" pin=0"/></net>

<net id="238"><net_src comp="234" pin="1"/><net_sink comp="136" pin=0"/></net>

<net id="239"><net_src comp="234" pin="1"/><net_sink comp="201" pin=1"/></net>

<net id="240"><net_src comp="234" pin="1"/><net_sink comp="211" pin=0"/></net>

<net id="244"><net_src comp="52" pin="1"/><net_sink comp="241" pin=0"/></net>

<net id="245"><net_src comp="241" pin="1"/><net_sink comp="139" pin=0"/></net>

<net id="246"><net_src comp="241" pin="1"/><net_sink comp="196" pin=1"/></net>

<net id="247"><net_src comp="241" pin="1"/><net_sink comp="215" pin=0"/></net>

<net id="251"><net_src comp="56" pin="1"/><net_sink comp="248" pin=0"/></net>

<net id="252"><net_src comp="248" pin="1"/><net_sink comp="142" pin=0"/></net>

<net id="253"><net_src comp="248" pin="1"/><net_sink comp="191" pin=1"/></net>

<net id="254"><net_src comp="248" pin="1"/><net_sink comp="219" pin=0"/></net>

<net id="258"><net_src comp="60" pin="1"/><net_sink comp="255" pin=0"/></net>

<net id="259"><net_src comp="255" pin="1"/><net_sink comp="145" pin=0"/></net>

<net id="260"><net_src comp="255" pin="1"/><net_sink comp="186" pin=1"/></net>

<net id="261"><net_src comp="255" pin="1"/><net_sink comp="223" pin=0"/></net>

</net_list>

</model> 
---------------- Datapath Model END ------------------

* FSMD analyzer results:
  - Output states:
	Port: p_out | {1 }
	Port: p_out1 | {1 }
	Port: p_out2 | {1 }
	Port: p_out3 | {1 }
 - Input state : 
	Port: winograd_Pipeline_compute_Y : sub7 | {1 }
	Port: winograd_Pipeline_compute_Y : add10 | {1 }
	Port: winograd_Pipeline_compute_Y : sub5 | {1 }
	Port: winograd_Pipeline_compute_Y : add8 | {1 }
  - Chain level:
	State 1
		store_ln108 : 1
		i_2 : 1
		icmp_ln108 : 2
		add_ln108 : 2
		br_ln108 : 3
		p_load14 : 1
		p_load12 : 1
		p_load10 : 1
		p_load8 : 1
		cmp287 : 2
		select_ln111 : 3
		select_ln111_1 : 3
		select_ln111_2 : 3
		select_ln111_3 : 3
		store_ln111 : 4
		store_ln111 : 4
		store_ln111 : 4
		store_ln111 : 4
		store_ln108 : 3
		p_load13 : 1
		p_load11 : 1
		p_load9 : 1
		p_load : 1
		write_ln0 : 2
		write_ln0 : 2
		write_ln0 : 2
		write_ln0 : 2


============================================================
+ Verbose Summary: Datapath Resource usage 
============================================================

* Functional unit list:
|----------|------------------------|---------|---------|
| Operation|     Functional Unit    |    FF   |   LUT   |
|----------|------------------------|---------|---------|
|          |   select_ln111_fu_154  |    0    |    32   |
|  select  |  select_ln111_1_fu_162 |    0    |    32   |
|          |  select_ln111_2_fu_170 |    0    |    32   |
|          |  select_ln111_3_fu_178 |    0    |    32   |
|----------|------------------------|---------|---------|
|   icmp   |    icmp_ln108_fu_124   |    0    |    9    |
|          |      cmp287_fu_148     |    0    |    9    |
|----------|------------------------|---------|---------|
|    add   |    add_ln108_fu_130    |    0    |    9    |
|----------|------------------------|---------|---------|
|          |  add8_read_read_fu_64  |    0    |    0    |
|   read   |  sub5_read_read_fu_70  |    0    |    0    |
|          |  add10_read_read_fu_76 |    0    |    0    |
|          |  sub7_read_read_fu_82  |    0    |    0    |
|----------|------------------------|---------|---------|
|          |  write_ln0_write_fu_88 |    0    |    0    |
|   write  |  write_ln0_write_fu_95 |    0    |    0    |
|          | write_ln0_write_fu_102 |    0    |    0    |
|          | write_ln0_write_fu_109 |    0    |    0    |
|----------|------------------------|---------|---------|
|   Total  |                        |    0    |   155   |
|----------|------------------------|---------|---------|

Memories:
N/A

* Register list:
+----------------+--------+
|                |   FF   |
+----------------+--------+
|empty_19_reg_241|   32   |
|empty_20_reg_248|   32   |
|empty_21_reg_255|   32   |
|  empty_reg_234 |   32   |
|    i_reg_227   |    2   |
+----------------+--------+
|      Total     |   130  |
+----------------+--------+

* Multiplexer (MUX) list: 
|--------|------|------|------|--------|
|  Comp  |  Pin | Size |  BW  | S x BW |
|--------|------|------|------|--------|
|  Total |      |      |      |    0   |
|--------|------|------|------|--------|



* Summary:
+-----------+--------+--------+
|           |   FF   |   LUT  |
+-----------+--------+--------+
|  Function |    0   |   155  |
|   Memory  |    -   |    -   |
|Multiplexer|    -   |    -   |
|  Register |   130  |    -   |
+-----------+--------+--------+
|   Total   |   130  |   155  |
+-----------+--------+--------+
