  **** HLS Build v2025.1 6135595
INFO: [HLS 200-2005] Using work_dir /home/nirmal-thomas/Documents/dev/hls_dev/convolution_accelerator/convolution_accelerator 
INFO: [HLS 200-2176] Writing Vitis IDE component file /home/nirmal-thomas/Documents/dev/hls_dev/convolution_accelerator/convolution_accelerator/vitis-comp.json
INFO: [HLS 200-10] Creating and opening component '/home/nirmal-thomas/Documents/dev/hls_dev/convolution_accelerator/convolution_accelerator'.
INFO: [HLS 200-1505] Using default flow_target 'vivado'
Resolution: For help on HLS 200-1505 see docs.xilinx.com/access/sources/dita/topic?Doc_Version=2025.1%20English&url=ug1448-hls-guidance&resourceid=200-1505.html
INFO: [HLS 200-2174] Applying component config ini file /home/nirmal-thomas/Documents/dev/hls_dev/convolution_accelerator/hls_config.cfg
INFO: [HLS 200-1465] Applying config ini 'syn.file=winograd.cpp' from /home/nirmal-thomas/Documents/dev/hls_dev/convolution_accelerator/hls_config.cfg(7)
INFO: [HLS 200-10] Adding design file '/home/nirmal-thomas/Documents/dev/hls_dev/convolution_accelerator/winograd.cpp' to the project
INFO: [HLS 200-1465] Applying config ini 'tb.file=winograd_test.cpp' from /home/nirmal-thomas/Documents/dev/hls_dev/convolution_accelerator/hls_config.cfg(9)
INFO: [HLS 200-10] Adding test bench file '/home/nirmal-thomas/Documents/dev/hls_dev/convolution_accelerator/winograd_test.cpp' to the project
INFO: [HLS 200-1465] Applying config ini 'syn.top=winograd' from /home/nirmal-thomas/Documents/dev/hls_dev/convolution_accelerator/hls_config.cfg(8)
INFO: [HLS 200-1465] Applying config ini 'flow_target=vivado' from /home/nirmal-thomas/Documents/dev/hls_dev/convolution_accelerator/hls_config.cfg(4)
INFO: [HLS 200-1505] Using flow_target 'vivado'
Resolution: For help on HLS 200-1505 see docs.xilinx.com/access/sources/dita/topic?Doc_Version=2025.1%20English&url=ug1448-hls-guidance&resourceid=200-1505.html
INFO: [HLS 200-1465] Applying config ini 'part=xcvu440_CIV-flgb2377-1-i' from /home/nirmal-thomas/Documents/dev/hls_dev/convolution_accelerator/hls_config.cfg(1)
INFO: [HLS 200-1611] Setting target device to 'xcvu440_CIV-flgb2377-1-i'
INFO: [HLS 200-1465] Applying config ini 'package.output.format=ip_catalog' from /home/nirmal-thomas/Documents/dev/hls_dev/convolution_accelerator/hls_config.cfg(5)
INFO: [HLS 200-2176] Writing Vitis IDE component file /home/nirmal-thomas/Documents/dev/hls_dev/convolution_accelerator/convolution_accelerator/vitis-comp.json
INFO: [HLS 200-111] Finished File checks and directory preparation: CPU user time: 1.15 seconds. CPU system time: 0.35 seconds. Elapsed time: 2.16 seconds; current allocated memory: 244.398 MB.
INFO: [HLS 200-10] Analyzing design file 'winograd.cpp' ... 
ERROR: [HLS 207-812] 'matmul_partition.h' file not found (winograd.cpp:1:10)
ERROR: 
INFO: [HLS 200-112] Total CPU user time: 1.21 seconds. Total CPU system time: 0.42 seconds. Total elapsed time: 2.4 seconds; peak allocated memory: 245.875 MB.
