  **** HLS Build v2025.1 6135595
INFO: [HLS 200-2005] Using work_dir /home/nirmal-thomas/Documents/dev/hls_dev/hardware_acc/convolution_accelerator/convolution_accelerator 
INFO: [HLS 200-2176] Writing Vitis IDE component file /home/nirmal-thomas/Documents/dev/hls_dev/hardware_acc/convolution_accelerator/convolution_accelerator/vitis-comp.json
INFO: [HLS 200-10] Creating and opening component '/home/nirmal-thomas/Documents/dev/hls_dev/hardware_acc/convolution_accelerator/convolution_accelerator'.
INFO: [HLS 200-1505] Using default flow_target 'vivado'
Resolution: For help on HLS 200-1505 see docs.xilinx.com/access/sources/dita/topic?Doc_Version=2025.1%20English&url=ug1448-hls-guidance&resourceid=200-1505.html
INFO: [HLS 200-2174] Applying component config ini file /home/nirmal-thomas/Documents/dev/hls_dev/hardware_acc/convolution_accelerator/hls_config.cfg
INFO: [HLS 200-1465] Applying config ini 'syn.file=winograd.cpp' from /home/nirmal-thomas/Documents/dev/hls_dev/hardware_acc/convolution_accelerator/hls_config.cfg(7)
INFO: [HLS 200-10] Adding design file '/home/nirmal-thomas/Documents/dev/hls_dev/hardware_acc/convolution_accelerator/winograd.cpp' to the project
INFO: [HLS 200-1465] Applying config ini 'tb.file=winograd_test.cpp' from /home/nirmal-thomas/Documents/dev/hls_dev/hardware_acc/convolution_accelerator/hls_config.cfg(9)
INFO: [HLS 200-10] Adding test bench file '/home/nirmal-thomas/Documents/dev/hls_dev/hardware_acc/convolution_accelerator/winograd_test.cpp' to the project
INFO: [HLS 200-1465] Applying config ini 'syn.top=winograd' from /home/nirmal-thomas/Documents/dev/hls_dev/hardware_acc/convolution_accelerator/hls_config.cfg(8)
INFO: [HLS 200-1465] Applying config ini 'flow_target=vivado' from /home/nirmal-thomas/Documents/dev/hls_dev/hardware_acc/convolution_accelerator/hls_config.cfg(4)
INFO: [HLS 200-1505] Using flow_target 'vivado'
Resolution: For help on HLS 200-1505 see docs.xilinx.com/access/sources/dita/topic?Doc_Version=2025.1%20English&url=ug1448-hls-guidance&resourceid=200-1505.html
INFO: [HLS 200-1465] Applying config ini 'part=xcvu440_CIV-flgb2377-1-i' from /home/nirmal-thomas/Documents/dev/hls_dev/hardware_acc/convolution_accelerator/hls_config.cfg(1)
INFO: [HLS 200-1611] Setting target device to 'xcvu440_CIV-flgb2377-1-i'
INFO: [HLS 200-1465] Applying config ini 'csim.clean=1' from /home/nirmal-thomas/Documents/dev/hls_dev/hardware_acc/convolution_accelerator/hls_config.cfg(11)
INFO: [HLS 200-1465] Applying config ini 'csim.setup=1' from /home/nirmal-thomas/Documents/dev/hls_dev/hardware_acc/convolution_accelerator/hls_config.cfg(12)
INFO: [HLS 200-1465] Applying config ini 'package.output.format=ip_catalog' from /home/nirmal-thomas/Documents/dev/hls_dev/hardware_acc/convolution_accelerator/hls_config.cfg(5)
INFO: [HLS 200-1465] Applying config ini 'sim.O=0' from /home/nirmal-thomas/Documents/dev/hls_dev/hardware_acc/convolution_accelerator/hls_config.cfg(10)
INFO: [HLS 200-2176] Writing Vitis IDE component file /home/nirmal-thomas/Documents/dev/hls_dev/hardware_acc/convolution_accelerator/convolution_accelerator/vitis-comp.json
INFO: [SIM 211-2] *************** CSIM start ***************
INFO: [SIM 211-4] CSIM will launch CLANG as the compiler.
INFO: [HLS 200-2036] Building debug C Simulation binaries
   Compiling ../../../../winograd_test.cpp in debug mode
   Compiling ../../../../winograd.cpp in debug mode
   Generating csim.exe
ld.lld: error: undefined symbol: winograd(float*, float*, float*)
>>> referenced by winograd_test.cpp:14 (../../../../winograd_test.cpp:14)
>>>               obj/winograd_test.o:(main)
clang++: error: linker command failed with exit code 1 (use -v to see invocation)
make: *** [Makefile.rules:349: csim.exe] Error 1
ERROR: [SIM 211-100] CSim file generation failed: compilation error(s).
INFO: [SIM 211-3] *************** CSIM finish ***************
ERROR: 5
INFO: [HLS 200-112] Total CPU user time: 3.74 seconds. Total CPU system time: 0.45 seconds. Total elapsed time: 4.54 seconds; peak allocated memory: 244.355 MB.
